# JRE version: OpenJDK Runtime Environment (11.0.2+9) (build 11.0.2+9)
# Java VM: OpenJDK 64-Bit Server VM (11.0.2+9, mixed mode, tiered, compressed oops, g1 gc, windows-amd64)
Heap:
 garbage-first heap   total 310272K, used 29371K [0x0000000704400000, 0x0000000800000000)
  region size 1024K, 22 young (22528K), 13 survivors (13312K)
 Metaspace       used 59262K, capacity 60499K, committed 60672K, reserved 1101824K
  class space    used 7439K, capacity 7932K, committed 7936K, reserved 1048576K
GC Heap History (10 events):
Event: 1.218 GC heap before
{Heap before GC invocations=3 (full 0):
 garbage-first heap   total 258048K, used 57625K [0x0000000704400000, 0x0000000800000000)
  region size 1024K, 54 young (55296K), 5 survivors (5120K)
 Metaspace       used 24240K, capacity 24888K, committed 25088K, reserved 1071104K
  class space    used 2709K, capacity 2955K, committed 3072K, reserved 1048576K
}
Event: 1.223 GC heap after
{Heap after GC invocations=4 (full 0):
 garbage-first heap   total 258048K, used 9753K [0x0000000704400000, 0x0000000800000000)
  region size 1024K, 4 young (4096K), 4 survivors (4096K)
 Metaspace       used 24240K, capacity 24888K, committed 25088K, reserved 1071104K
  class space    used 2709K, capacity 2955K, committed 3072K, reserved 1048576K
}
Event: 2.077 GC heap before
{Heap before GC invocations=4 (full 0):
 garbage-first heap   total 258048K, used 82457K [0x0000000704400000, 0x0000000800000000)
  region size 1024K, 76 young (77824K), 4 survivors (4096K)
 Metaspace       used 29826K, capacity 30568K, committed 30848K, reserved 1077248K
  class space    used 3402K, capacity 3682K, committed 3712K, reserved 1048576K
}
Event: 2.085 GC heap after
{Heap after GC invocations=5 (full 0):
 garbage-first heap   total 258048K, used 11991K [0x0000000704400000, 0x0000000800000000)
  region size 1024K, 6 young (6144K), 6 survivors (6144K)
 Metaspace       used 29826K, capacity 30568K, committed 30848K, reserved 1077248K
  class space    used 3402K, capacity 3682K, committed 3712K, reserved 1048576K
}
Event: 2.872 GC heap before
{Heap before GC invocations=5 (full 0):
 garbage-first heap   total 258048K, used 47831K [0x0000000704400000, 0x0000000800000000)
  region size 1024K, 42 young (43008K), 6 survivors (6144K)
 Metaspace       used 34769K, capacity 35750K, committed 35840K, reserved 1081344K
  class space    used 4037K, capacity 4452K, committed 4480K, reserved 1048576K
}
Event: 2.881 GC heap after
{Heap after GC invocations=6 (full 0):
 garbage-first heap   total 310272K, used 14353K [0x0000000704400000, 0x0000000800000000)
  region size 1024K, 8 young (8192K), 8 survivors (8192K)
 Metaspace       used 34769K, capacity 35750K, committed 35840K, reserved 1081344K
  class space    used 4037K, capacity 4452K, committed 4480K, reserved 1048576K
}
Event: 4.485 GC heap before
{Heap before GC invocations=7 (full 0):
 garbage-first heap   total 310272K, used 190481K [0x0000000704400000, 0x0000000800000000)
  region size 1024K, 181 young (185344K), 8 survivors (8192K)
 Metaspace       used 55865K, capacity 57054K, committed 57216K, reserved 1099776K
  class space    used 6970K, capacity 7471K, committed 7552K, reserved 1048576K
}
Event: 4.496 GC heap after
{Heap after GC invocations=8 (full 0):
 garbage-first heap   total 310272K, used 20648K [0x0000000704400000, 0x0000000800000000)
  region size 1024K, 14 young (14336K), 14 survivors (14336K)
 Metaspace       used 55865K, capacity 57054K, committed 57216K, reserved 1099776K
  class space    used 6970K, capacity 7471K, committed 7552K, reserved 1048576K
}
Event: 4.760 GC heap before
{Heap before GC invocations=8 (full 0):
 garbage-first heap   total 310272K, used 40104K [0x0000000704400000, 0x0000000800000000)
  region size 1024K, 34 young (34816K), 14 survivors (14336K)
 Metaspace       used 58863K, capacity 60113K, committed 60160K, reserved 1101824K
  class space    used 7380K, capacity 7889K, committed 7936K, reserved 1048576K
}
Event: 4.773 GC heap after
{Heap after GC invocations=9 (full 0):
 garbage-first heap   total 310272K, used 21179K [0x0000000704400000, 0x0000000800000000)
  region size 1024K, 13 young (13312K), 13 survivors (13312K)
 Metaspace       used 58863K, capacity 60113K, committed 60160K, reserved 1101824K
  class space    used 7380K, capacity 7889K, committed 7936K, reserved 1048576K
}

