# JRE version: OpenJDK Runtime Environment (11.0.2+9) (build 11.0.2+9)
# Java VM: OpenJDK 64-Bit Server VM (11.0.2+9, mixed mode, tiered, compressed oops, g1 gc, windows-amd64)
Heap:
 garbage-first heap   total 310272K, used 101416K [0x0000000704400000, 0x0000000800000000)
  region size 1024K, 92 young (94208K), 13 survivors (13312K)
 Metaspace       used 66533K, capacity 68128K, committed 68224K, reserved 1110016K
  class space    used 8392K, capacity 9018K, committed 9088K, reserved 1048576K
GC Heap History (10 events):
Event: 1.257 GC heap before
{Heap before GC invocations=3 (full 0):
 garbage-first heap   total 258048K, used 66960K [0x0000000704400000, 0x0000000800000000)
  region size 1024K, 63 young (64512K), 5 survivors (5120K)
 Metaspace       used 24220K, capacity 24887K, committed 25088K, reserved 1071104K
  class space    used 2710K, capacity 2955K, committed 3072K, reserved 1048576K
}
Event: 1.263 GC heap after
{Heap after GC invocations=4 (full 0):
 garbage-first heap   total 258048K, used 9794K [0x0000000704400000, 0x0000000800000000)
  region size 1024K, 4 young (4096K), 4 survivors (4096K)
 Metaspace       used 24220K, capacity 24887K, committed 25088K, reserved 1071104K
  class space    used 2710K, capacity 2955K, committed 3072K, reserved 1048576K
}
Event: 2.482 GC heap before
{Heap before GC invocations=4 (full 0):
 garbage-first heap   total 258048K, used 89666K [0x0000000704400000, 0x0000000800000000)
  region size 1024K, 83 young (84992K), 4 survivors (4096K)
 Metaspace       used 31719K, capacity 32545K, committed 32768K, reserved 1077248K
  class space    used 3677K, capacity 4002K, committed 4096K, reserved 1048576K
}
Event: 2.489 GC heap after
{Heap after GC invocations=5 (full 0):
 garbage-first heap   total 258048K, used 13253K [0x0000000704400000, 0x0000000800000000)
  region size 1024K, 7 young (7168K), 7 survivors (7168K)
 Metaspace       used 31719K, capacity 32545K, committed 32768K, reserved 1077248K
  class space    used 3677K, capacity 4002K, committed 4096K, reserved 1048576K
}
Event: 3.046 GC heap before
{Heap before GC invocations=5 (full 0):
 garbage-first heap   total 258048K, used 33733K [0x0000000704400000, 0x0000000800000000)
  region size 1024K, 28 young (28672K), 7 survivors (7168K)
 Metaspace       used 34762K, capacity 35749K, committed 35840K, reserved 1081344K
  class space    used 4037K, capacity 4452K, committed 4480K, reserved 1048576K
}
Event: 3.056 GC heap after
{Heap after GC invocations=6 (full 0):
 garbage-first heap   total 310272K, used 14506K [0x0000000704400000, 0x0000000800000000)
  region size 1024K, 8 young (8192K), 8 survivors (8192K)
 Metaspace       used 34762K, capacity 35749K, committed 35840K, reserved 1081344K
  class space    used 4037K, capacity 4452K, committed 4480K, reserved 1048576K
}
Event: 4.965 GC heap before
{Heap before GC invocations=7 (full 0):
 garbage-first heap   total 310272K, used 190634K [0x0000000704400000, 0x0000000800000000)
  region size 1024K, 181 young (185344K), 8 survivors (8192K)
 Metaspace       used 55531K, capacity 56733K, committed 56832K, reserved 1099776K
  class space    used 6914K, capacity 7407K, committed 7424K, reserved 1048576K
}
Event: 4.979 GC heap after
{Heap after GC invocations=8 (full 0):
 garbage-first heap   total 310272K, used 20383K [0x0000000704400000, 0x0000000800000000)
  region size 1024K, 14 young (14336K), 14 survivors (14336K)
 Metaspace       used 55531K, capacity 56733K, committed 56832K, reserved 1099776K
  class space    used 6914K, capacity 7407K, committed 7424K, reserved 1048576K
}
Event: 5.316 GC heap before
{Heap before GC invocations=8 (full 0):
 garbage-first heap   total 310272K, used 42911K [0x0000000704400000, 0x0000000800000000)
  region size 1024K, 37 young (37888K), 14 survivors (14336K)
 Metaspace       used 58860K, capacity 60114K, committed 60160K, reserved 1101824K
  class space    used 7381K, capacity 7890K, committed 7936K, reserved 1048576K
}
Event: 5.329 GC heap after
{Heap after GC invocations=9 (full 0):
 garbage-first heap   total 310272K, used 21544K [0x0000000704400000, 0x0000000800000000)
  region size 1024K, 13 young (13312K), 13 survivors (13312K)
 Metaspace       used 58860K, capacity 60114K, committed 60160K, reserved 1101824K
  class space    used 7381K, capacity 7890K, committed 7936K, reserved 1048576K
}

